[23:00:40] [ServerMain/INFO]: [bootstrap] Running Java 21 (OpenJDK 64-Bit Server VM 21.0.6+7-Ubuntu-120.04.1; Ubuntu null) on Linux 6.5.0-1025-azure (amd64)
[23:00:40] [ServerMain/INFO]: [bootstrap] Loading Paper 1.21-130-master@b1b5d4c (2024-08-10T10:02:42Z) for Minecraft 1.21
[23:00:40] [ServerMain/INFO]: [PluginInitializerManager] Initializing plugins...
[23:00:40] [ServerMain/INFO]: [PluginInitializerManager] Initialized 0 plugins
[23:00:45] [ServerMain/INFO]: Environment: Environment[sessionHost=https://sessionserver.mojang.com, servicesHost=https://api.minecraftservices.com, name=PROD]
[23:00:48] [ServerMain/INFO]: Loaded 1290 recipes
[23:00:48] [ServerMain/INFO]: Loaded 1399 advancements
[23:00:49] [Server thread/INFO]: Starting minecraft server version 1.21
[23:00:49] [Server thread/INFO]: Loading properties
[23:00:49] [Server thread/INFO]: This server is running Paper version 1.21-130-master@b1b5d4c (2024-08-10T10:02:42Z) (Implementing API version 1.21-R0.1-SNAPSHOT)
[23:00:49] [Server thread/INFO]: [spark] This server bundles the spark profiler. For more information please visit https://docs.papermc.io/paper/profiling
[23:00:50] [Server thread/INFO]: Server Ping Player Sample Count: 12
[23:00:50] [Server thread/INFO]: Using 4 threads for Netty based IO
[23:00:50] [Server thread/INFO]: [ChunkTaskScheduler] Chunk system is using 1 I/O threads, 1 worker threads, and population gen parallelism of 1 threads
[23:00:51] [Server thread/INFO]: Default game type: SURVIVAL
[23:00:51] [Server thread/INFO]: Generating keypair
[23:00:51] [Server thread/INFO]: Starting Minecraft server on *:25565
[23:00:51] [Server thread/INFO]: Using epoll channel type
[23:00:51] [Server thread/INFO]: Paper: Using libdeflate (Linux x86_64) compression from Velocity.
[23:00:51] [Server thread/INFO]: Paper: Using OpenSSL 1.1.x (Linux x86_64) cipher from Velocity.
[23:00:51] [Server thread/INFO]: Server permissions file permissions.yml is empty, ignoring it
[23:00:51] [Server thread/WARN]: **** SERVER IS RUNNING IN OFFLINE/INSECURE MODE!
[23:00:51] [Server thread/WARN]: The server will make no attempt to authenticate usernames. Beware.
[23:00:51] [Server thread/WARN]: While this makes the game possible to play without internet access, it also opens up the ability for hackers to connect with any username they choose.
[23:00:51] [Server thread/WARN]: To change this, set "online-mode" to "true" in the server.properties file.
[23:00:51] [Server thread/INFO]: Preparing level "world"
[23:00:51] [Server thread/INFO]: Preparing start region for dimension minecraft:overworld
[23:00:53] [Server thread/INFO]: Time elapsed: 1461 ms
[23:00:53] [Server thread/INFO]: Preparing start region for dimension minecraft:the_nether
[23:00:53] [Server thread/INFO]: Time elapsed: 271 ms
[23:00:53] [Server thread/INFO]: Preparing start region for dimension minecraft:the_end
[23:00:53] [Server thread/INFO]: Time elapsed: 105 ms
[23:00:53] [Server thread/INFO]: [spark] Starting background profiler...
[23:00:53] [Server thread/INFO]: Done preparing level "world" (2.688s)
[23:00:53] [Server thread/INFO]: Running delayed init tasks
[23:00:53] [Server thread/INFO]: Done (14.601s)! For help, type "help"
[23:00:53] [Server thread/INFO]: Timings Reset
[23:00:53] [Server thread/INFO]: Unknown or incomplete command, see below for error
/home/codespace/.python/current/bin/python3 "/workspaces/pa-los-panas2/msx (1).py"<--[HERE]
[23:05:54] [User Authenticator #0/INFO]: UUID of player coatwea is 27a1a736-29a6-3bc2-94ad-d8e327617b32
[23:05:56] [Server thread/INFO]: coatwea joined the game
[23:05:56] [Server thread/INFO]: coatwea[/127.192.125.81:47373] logged in with entity id 55 at ([world]-483.30000001192093, -24.125, -101.14305993889545)
